<?xml version="1.0" encoding="UTF-8"?>
<!-- Generated by org.testng.reporters.JUnitXMLReporter -->
<testsuite hostname="XPS13" ignored="0" name="Default test" tests="3" failures="0" timestamp="2020-02-27T10:25:56 GMT" time="0.065" errors="0">
  <testcase name="checkoutSuccess" time="0.01" classname="MavenTestCases.SeleniumTest"/>
  <testcase name="homePagelogin" time="0.002" classname="MavenTestCases.SeleniumTest"/>
  <testcase name="itemsAddtoCart" time="0.001" classname="MavenTestCases.SeleniumTest"/>
</testsuite> <!-- Default test -->
