<?xml version="1.0" encoding="UTF-8"?>
<testng-results skipped="0" failed="0" ignored="0" total="3" passed="3">
  <reporter-output>
  </reporter-output>
  <suite name="Default suite" duration-ms="65" started-at="2020-02-27T10:25:56 GMT" finished-at="2020-02-27T10:25:56 GMT">
    <groups>
    </groups>
    <test name="Default test" duration-ms="65" started-at="2020-02-27T10:25:56 GMT" finished-at="2020-02-27T10:25:56 GMT">
      <class name="MavenTestCases.SeleniumTest">
        <test-method status="PASS" signature="checkoutSuccess()[pri:0, instance:MavenTestCases.SeleniumTest@1563da5]" name="checkoutSuccess" duration-ms="10" started-at="2020-02-27T10:25:56 GMT" finished-at="2020-02-27T10:25:56 GMT">
          <reporter-output>
          </reporter-output>
        </test-method> <!-- checkoutSuccess -->
        <test-method status="PASS" signature="homePagelogin()[pri:0, instance:MavenTestCases.SeleniumTest@1563da5]" name="homePagelogin" duration-ms="2" started-at="2020-02-27T10:25:56 GMT" finished-at="2020-02-27T10:25:56 GMT">
          <reporter-output>
          </reporter-output>
        </test-method> <!-- homePagelogin -->
        <test-method status="PASS" signature="itemsAddtoCart()[pri:0, instance:MavenTestCases.SeleniumTest@1563da5]" name="itemsAddtoCart" duration-ms="1" started-at="2020-02-27T10:25:56 GMT" finished-at="2020-02-27T10:25:56 GMT">
          <reporter-output>
          </reporter-output>
        </test-method> <!-- itemsAddtoCart -->
      </class> <!-- MavenTestCases.SeleniumTest -->
    </test> <!-- Default test -->
  </suite> <!-- Default suite -->
</testng-results>
